<?xml version="1.0" encoding="UTF-8"?>
<testng-results ignored="0" total="1" passed="1" failed="0" skipped="0">
  <reporter-output>
  </reporter-output>
  <suite started-at="2026-04-13T22:40:32 IST" name="Default suite" finished-at="2026-04-13T22:40:39 IST" duration-ms="6390">
    <groups>
    </groups>
    <test started-at="2026-04-13T22:40:32 IST" name="Default test" finished-at="2026-04-13T22:40:39 IST" duration-ms="6390">
      <class name="tests.MatchTest">
        <test-method is-config="true" signature="start()[pri:0, instance:tests.MatchTest@21de60b4]" started-at="2026-04-13T22:40:32 IST" name="start" finished-at="2026-04-13T22:40:36 IST" duration-ms="3269" status="PASS">
          <reporter-output>
          </reporter-output>
        </test-method> <!-- start -->
        <test-method signature="testMatch()[pri:0, instance:tests.MatchTest@21de60b4]" started-at="2026-04-13T22:40:36 IST" name="testMatch" finished-at="2026-04-13T22:40:38 IST" duration-ms="2502" status="PASS">
          <reporter-output>
          </reporter-output>
        </test-method> <!-- testMatch -->
        <test-method is-config="true" signature="end()[pri:0, instance:tests.MatchTest@21de60b4]" started-at="2026-04-13T22:40:38 IST" name="end" finished-at="2026-04-13T22:40:39 IST" duration-ms="536" status="PASS">
          <reporter-output>
          </reporter-output>
        </test-method> <!-- end -->
      </class> <!-- tests.MatchTest -->
    </test> <!-- Default test -->
  </suite> <!-- Default suite -->
</testng-results>
